<?xml version="1.0" encoding="UTF-8"?>
<testsuite name="com.backblaze.erasure.ReedSolomonTest" tests="5" skipped="0" failures="0" errors="0" timestamp="2022-06-08T12:59:52" hostname="Rajs-MacBook-Pro.local" time="0.265">
  <properties/>
  <testcase name="testBigEncodeDecode" classname="com.backblaze.erasure.ReedSolomonTest" time="0.208"/>
  <testcase name="testZeroSizeEncode" classname="com.backblaze.erasure.ReedSolomonTest" time="0.003"/>
  <testcase name="testOneEncode" classname="com.backblaze.erasure.ReedSolomonTest" time="0.006"/>
  <testcase name="testCodingLoopsProduceSameAnswers" classname="com.backblaze.erasure.ReedSolomonTest" time="0.036"/>
  <testcase name="testSimpleEncodeDecode" classname="com.backblaze.erasure.ReedSolomonTest" time="0.01"/>
  <system-out><![CDATA[]]></system-out>
  <system-err><![CDATA[]]></system-err>
</testsuite>
