<?xml version="1.0" encoding="UTF-8"?>
<testsuite name="com.backblaze.erasure.ReedSolomonTest" tests="5" skipped="0" failures="0" errors="0" timestamp="2022-04-09T18:48:26" hostname="Rajs-MacBook-Pro.local" time="0.139">
  <properties/>
  <testcase name="testBigEncodeDecode" classname="com.backblaze.erasure.ReedSolomonTest" time="0.113"/>
  <testcase name="testZeroSizeEncode" classname="com.backblaze.erasure.ReedSolomonTest" time="0.0"/>
  <testcase name="testOneEncode" classname="com.backblaze.erasure.ReedSolomonTest" time="0.001"/>
  <testcase name="testCodingLoopsProduceSameAnswers" classname="com.backblaze.erasure.ReedSolomonTest" time="0.023"/>
  <testcase name="testSimpleEncodeDecode" classname="com.backblaze.erasure.ReedSolomonTest" time="0.002"/>
  <system-out><![CDATA[]]></system-out>
  <system-err><![CDATA[]]></system-err>
</testsuite>
