<?xml version="1.0" encoding="UTF-8"?>
<testsuite name="com.backblaze.erasure.GaloisTest" tests="10" skipped="0" failures="0" errors="0" timestamp="2022-04-09T18:48:26" hostname="Rajs-MacBook-Pro.local" time="0.144">
  <properties/>
  <testcase name="testGenerateLogTable" classname="com.backblaze.erasure.GaloisTest" time="0.015"/>
  <testcase name="testExp" classname="com.backblaze.erasure.GaloisTest" time="0.007"/>
  <testcase name="testAssociativity" classname="com.backblaze.erasure.GaloisTest" time="0.076"/>
  <testcase name="testWithPythonAnswers" classname="com.backblaze.erasure.GaloisTest" time="0.0"/>
  <testcase name="testDistributivity" classname="com.backblaze.erasure.GaloisTest" time="0.036"/>
  <testcase name="testCommutativity" classname="com.backblaze.erasure.GaloisTest" time="0.005"/>
  <testcase name="testClosure" classname="com.backblaze.erasure.GaloisTest" time="0.0"/>
  <testcase name="testIdentity" classname="com.backblaze.erasure.GaloisTest" time="0.0"/>
  <testcase name="testMultiplicationTable" classname="com.backblaze.erasure.GaloisTest" time="0.002"/>
  <testcase name="testInverse" classname="com.backblaze.erasure.GaloisTest" time="0.0"/>
  <system-out><![CDATA[]]></system-out>
  <system-err><![CDATA[]]></system-err>
</testsuite>
